MPASM  5.51     AAA TILT MOUSE RELEASE1,2.ASM   6-9-2014  20:13:40         PAGE  1


LOC  OBJECT CODE     LINE SOURCE TEXT
  VALUE

                      00001 ;**********************************************************************
                      00002 ;                                                                                                       
                                                                    *
                      00003 ;       Filename:               Test.asm                                                                
                                                    *
                      00004 ;       Date:                                                                                           
                                                            *
                      00005 ;       File Version:   1.1.0                                                                           
                                            *
                      00006 ;                                                                                                       
                                                                    *
                      00007 ;       Author:                 Jonathan                                                                
                                                    *
                      00008 ;       Company:                                                                                        
                                                            *
                      00009 ;                                                                                                       
                                                                    * 
                      00010 ;                                                                                                       
                                                                    *
                      00011 ;**********************************************************************
                      00012 ;                                                                                                       
                                                                    *
                      00013 ;       Files Required: P16F690.INC                                                                     
                                            *
                      00014 ;                                                                                                       
                                                                    *
                      00015 ;**********************************************************************
                      00016 ;                                                                                                       
                                                                    *
                      00017 ;       Notes:                                                                                          
                                                            *
                      00018 ;               button stat:    hardware, 0=pressed                                                     
                                    *
                      00019 ;                                               software vars, 1=unpressed                              
                                            *
                      00020 ;                                                                                                       
                                                                    *
                      00021 ;**********************************************************************
                      00022 ;                                                                                                       
                                                                    *
                      00023 ;       Microsoft Serial Mouse Protocol:                                                                
                                    *
                      00024 ;               Data in 3-byte packets                                                                  
                                            *
                      00025 ;                                                                                                       
                                                                    *
                      00026 ;               Bit:            7       6       5       4       3       2       1       0               
                                                            *
                      00027 ;               Byte0:          1       1       LB      RB      Y7      Y6      X7      X6              
                                                            *
                      00028 ;               Byte1:          1       0       X5      X4      X3      X2      X1      X0              
                                                            *
                      00029 ;               Byte2:          1       0       Y5      Y4      Y3      Y2      Y1      Y0              
MPASM  5.51     AAA TILT MOUSE RELEASE1,2.ASM   6-9-2014  20:13:40         PAGE  2


LOC  OBJECT CODE     LINE SOURCE TEXT
  VALUE

                                                            *
                      00030 ;                                                                                                       
                                                                    *
                      00031 ;                                                                                                       
                                                                    *
                      00032 ;               Initialized by sending ASCII 'M' when RTS toggled                               *
                      00033 ;**********************************************************************
                      00034 ;        _    _     ___     _    _                                                                      
                                    *
                      00035 ;       | |  | |   /   \   | |  | |                                                                     
                                    *
                      00036 ;       | |  | |  / /'\ \  | |  | |                                                                     
                                    *
                      00037 ;       | |__| | | |   | | | |__| |           _  ___                                    *
                      00038 ;       |      | | |   | | |      |     |\ | / \  |                                             *
                      00039 ;       '""""| | | |   | | '""""| |     | \| \_/  |                                             *
                      00040 ;            | | | |   | |      | |   _  _            _                                 *
                      00041 ;            | | | \   | |      | |  |_ / \ | | |\ | | \                                *
                      00042 ;            | |  \ \_/ /       | |  |  \_/ \_/ | \| |_/                                *
                      00043 ;            | |   \   /        | |                                                                     
                                    *
                      00044 ;            '"'    '"'         '"'                                                                     
                                    *
                      00045 ;                                                                                                       
                                                                    *
                      00046 ;**********************************************************************
                      00047 
                      00048 
                      00049         list            p=16f690                ; list directive to define processor
                      00050         #include <p16F690.inc>
                      00001         LIST
                      00002 
                      00003 ;==========================================================================
                      00004 ;  MPASM PIC16F690 processor include
                      00005 ; 
                      00006 ;  (c) Copyright 1999-2013 Microchip Technology, All rights reserved
                      00007 ;==========================================================================
                      00008 
                      00756         LIST
                      00051         
                      00052         #define         iTiltX          PORTA,1
                      00053         #define         iTiltY          PORTA,0
                      00054         #define         iRightB         PORTA,4
                      00055         #define         iLeftB          PORTA,3
                      00056         #define         iSensTog        PORTA,5
                      00057         #define         RTS                     PORTB,4
                      00058         
                      00059         #define         nOffset         .83
                      00060         #define         nUpperBound     .87
                      00061         #define         nLowerBound     .79
                      00062         #define         nShiftCtrl      .250
                      00063         
                      00064         #define         sOffset         .16                     ;.22
MPASM  5.51     AAA TILT MOUSE RELEASE1,2.ASM   6-9-2014  20:13:40         PAGE  3


LOC  OBJECT CODE     LINE SOURCE TEXT
  VALUE

                      00065         #define         sUpperBound     .18                     ;.24
                      00066         #define         sLowerBound     .14                     ;.20
                      00067         #define         sShiftCtrl      .220            ;.230
                      00068         
                      00069         
2007   30D4           00070         __config (_INTRC_OSC_NOCLKOUT & _WDT_OFF & _PWRTE_OFF & _MCLRE_OFF & _CP_OFF & _BOR_OFF & _IESO_
                            OFF & _FCMEN_OFF)
                      00071 
                      00072 
                      00073         cblock 0x20
  00000020            00074 Delay1                                          ; unused delay variables
  00000021            00075 Delay2
                      00076 
                      00077 ;ButtonStat                                     ; Bit0 = RA5, Bit1 = RA4, 1 = unpressed
                      00078 
  00000022            00079 VarTx                                           ; temporary holder for data to transmit
  00000023            00080 VarRc                                           ; temporary holder for data received
                      00081 
  00000024            00082 xRaw                                            ; raw values from tilt sensor, thrown out
  00000025            00083 yRaw
  00000026            00084 xRawH                                           ; high bits from tilt sensor, used
  00000027            00085 yRawH
  00000028            00086 xMov                                            ; change in direction, sent to USB
  00000029            00087 yMov
                      00088 
  0000002A            00089 offset                                          ; 0 degrees
  0000002B            00090 upperBound                                      ; for deadzone (offset + x degs)
  0000002C            00091 lowerBound                                      ; for deadzone (offsel - x degs)
  0000002D            00092 shiftCtrl                                       ; for changing sensitivity 
                      00093 
                      00094 ;---------------------------------------------------------------------
                      00095 ;       Mouse Packet Data
                      00096 ;---------------------------------------------------------------------
  0000002E            00097 Byte0
  0000002F            00098 Byte1   
  00000030            00099 Byte2
  00000031            00100 Byte3   
                      00101         endc
                      00102         
                      00103         
                      00104         org 0x0
0000   2???           00105         goto            Start
                      00106 
0001                  00107 Start:  
                      00108         ;-----------------------------------------------------------------
                      00109         ; SET CONSTANTS
                      00110         ;-----------------------------------------------------------------
0001   3053           00111         movlw           .83
0002   00AA           00112         movwf           offset
0003   3057           00113         movlw           .87
0004   00AB           00114         movwf           upperBound
0005   304F           00115         movlw           .79
0006   00AC           00116         movwf           lowerBound      
MPASM  5.51     AAA TILT MOUSE RELEASE1,2.ASM   6-9-2014  20:13:40         PAGE  4


LOC  OBJECT CODE     LINE SOURCE TEXT
  VALUE

0007   30FA           00117         movlw           .250
0008   00AD           00118         movwf           shiftCtrl
                      00119         
                      00120         
                      00121         ;-----------------------------------------------------------------
                      00122         ; SET CPU SPEED                 111 = 8MHz
                      00123         ;
                      00124         ;       111 = 8MHz; 110 = 4MHz; 101 = 2MHz; 100 = 1MHz
                      00125         ;-----------------------------------------------------------------
0009   1683 1303      00126         banksel         OSCCON                                          
Message[302]: Register in operand not in bank 0.  Ensure that bank bits are correct.
000B   120F           00127         bcf                     OSCCON, IRCF0                           
Message[302]: Register in operand not in bank 0.  Ensure that bank bits are correct.
000C   168F           00128         bsf                     OSCCON, IRCF1                           
Message[302]: Register in operand not in bank 0.  Ensure that bank bits are correct.
000D   170F           00129         bsf                     OSCCON, IRCF2                           
                      00130         
                      00131         
                      00132         ;-----------------------------------------------------------------
                      00133         ; SET IO Pins                   Clear all
                      00134         ;
                      00135         ;
                      00136         ;-----------------------------------------------------------------
000E   1683 1303      00137         banksel         TRISA
Message[302]: Register in operand not in bank 0.  Ensure that bank bits are correct.
0010   0185           00138         clrf            TRISA
Message[302]: Register in operand not in bank 0.  Ensure that bank bits are correct.
0011   0186           00139         clrf            TRISB
Message[302]: Register in operand not in bank 0.  Ensure that bank bits are correct.
0012   0187           00140         clrf            TRISC
Message[302]: Register in operand not in bank 0.  Ensure that bank bits are correct.
0013   1485           00141         bsf                     TRISA, 1                                        ; Tilt Sensor X
Message[302]: Register in operand not in bank 0.  Ensure that bank bits are correct.
0014   1405           00142         bsf                     TRISA, 0                                        ; Tilt Sensor Y
Message[302]: Register in operand not in bank 0.  Ensure that bank bits are correct.
0015   1585           00143         bsf                     TRISA, 3                                        ; Right Button
Message[302]: Register in operand not in bank 0.  Ensure that bank bits are correct.
0016   1605           00144         bsf                     TRISA, 4                                        ; Left Button
Message[302]: Register in operand not in bank 0.  Ensure that bank bits are correct.
0017   1685           00145         bsf                     TRISA, 5                                        ; sensitivity toggle
Message[302]: Register in operand not in bank 0.  Ensure that bank bits are correct.
0018   1407           00146         bsf                     TRISC, 0                                        ; pressure sensor 1
Message[302]: Register in operand not in bank 0.  Ensure that bank bits are correct.
0019   1487           00147         bsf                     TRISC, 1                                        ; pressure sensor 2
Message[302]: Register in operand not in bank 0.  Ensure that bank bits are correct.
001A   1606           00148         bsf                     TRISB, 4                                        ; RTS: Request to send f
                            rom PC
                      00149         
                      00150         
                      00151         ;-----------------------------------------------------------------
                      00152         ; SET EUSART Comms
                      00153         ;
                      00154         ;
MPASM  5.51     AAA TILT MOUSE RELEASE1,2.ASM   6-9-2014  20:13:40         PAGE  5


LOC  OBJECT CODE     LINE SOURCE TEXT
  VALUE

                      00155         ;-----------------------------------------------------------------
001B   1683 1303      00156         banksel         TRISB
Message[302]: Register in operand not in bank 0.  Ensure that bank bits are correct.
001D   1686           00157         bsf                     TRISB, 5
Message[302]: Register in operand not in bank 0.  Ensure that bank bits are correct.
001E   1706           00158         bsf                     TRISB, 6
Message[302]: Register in operand not in bank 0.  Ensure that bank bits are correct.
001F   1786           00159         bsf                     TRISB, 7
                      00160                 
0020   1683 1303      00161         banksel         TXSTA                                   ; Transmitter Config
Message[302]: Register in operand not in bank 0.  Ensure that bank bits are correct.
0022   1318           00162         bcf                     TXSTA, TX9                                      ; 9-bit Transmit:       
                                            Disabled
Message[302]: Register in operand not in bank 0.  Ensure that bank bits are correct.
0023   1698           00163         bsf                     TXSTA, TXEN                                     ; Transmit Enable:      
                                            Enabled
Message[302]: Register in operand not in bank 0.  Ensure that bank bits are correct.
0024   1218           00164         bcf                     TXSTA, SYNC                                     ; EUSART Mode Select: 0=
                            asynchronous
Message[302]: Register in operand not in bank 0.  Ensure that bank bits are correct.
0025   1198           00165         bcf                     TXSTA, SENB                                     ; Send Break Character b
                            it
Message[302]: Register in operand not in bank 0.  Ensure that bank bits are correct.
0026   1518           00166         bsf                     TXSTA, BRGH                                     ; High Baud Rate Select 
                            Bit
                      00167         
0027   1283 1303      00168         banksel         RCSTA                                   ; Receiver Config
0029   1798           00169         bsf                     RCSTA, SPEN                                     ; Serial Port Enable
002A   1318           00170         bcf                     RCSTA, RX9                                      ; 9-bit Receive:        
                                            Disabled
002B   1618           00171         bsf                     RCSTA, CREN                                     ; Receive Enable:       
                                            Enabled
                      00172         
002C   1683 1303      00173         banksel         BAUDCTL                                 ; Baud Rate Generator
Message[302]: Register in operand not in bank 0.  Ensure that bank bits are correct.
002E   121B           00174         bcf                     BAUDCTL, SCKP                           ; Synchronous Clock Polarity Sel
                            ect Bit
Message[302]: Register in operand not in bank 0.  Ensure that bank bits are correct.
002F   119B           00175         bcf                     BAUDCTL, BRG16                          ; 16-bit baud rate gen:         
                            0 = 8-bit baud rate
Message[302]: Register in operand not in bank 0.  Ensure that bank bits are correct.
0030   109B           00176         bcf                     BAUDCTL, WUE                            ; Wake-up Enable:               
                                    0 = no interrupts
                      00177 ;       bsf                     BAUDCTL, ABDEN                          ; Auto-Baud mode???
0031   1683 1303      00178         banksel         SPBRG
0033   30CF           00179         movlw           .207
Message[302]: Register in operand not in bank 0.  Ensure that bank bits are correct.
0034   0099           00180         movwf           SPBRG                                           ; 1200 Hz @ 8-bit, high rate
0035   3000           00181         movlw           .0
Message[302]: Register in operand not in bank 0.  Ensure that bank bits are correct.
0036   009A           00182         movwf           SPBRGH
                      00183         
                      00184         ;-----------------------------------------------------------------
MPASM  5.51     AAA TILT MOUSE RELEASE1,2.ASM   6-9-2014  20:13:40         PAGE  6


LOC  OBJECT CODE     LINE SOURCE TEXT
  VALUE

                      00185         ; INTERRUPTS                                    Turn Everything Off
                      00186         ;
                      00187         ;-----------------------------------------------------------------
0037   1683 1303      00188         banksel         PIE1
Message[302]: Register in operand not in bank 0.  Ensure that bank bits are correct.
0039   018C           00189         clrf            PIE1
Message[302]: Register in operand not in bank 0.  Ensure that bank bits are correct.
003A   018D           00190         clrf            PIE2
Message[302]: Register in operand not in bank 0.  Ensure that bank bits are correct.
003B   160C           00191         bsf                     PIE1, TXIE                                      ; Transmitter Interrupt
Message[302]: Register in operand not in bank 0.  Ensure that bank bits are correct.
003C   168C           00192         bsf                     PIE1, RCIE                                      ; Receiver Interrupt
003D   1283 1303      00193         banksel         INTCON
003F   018B           00194         clrf            INTCON
0040   170B           00195         bsf                     INTCON, PEIE                            ; Peripheral Interrupts Enabled
0041   138B           00196         bcf                     INTCON, GIE                                     ; Global Interrupt Disab
                            led
                      00197         
                      00198         ;-----------------------------------------------------------------
                      00199         ; SET A-D Converter                             Turn Everything Off
                      00200         ;       
                      00201         ;-----------------------------------------------------------------
0042   1283 1303      00202         banksel         ADCON0                                          
0044   019F           00203         clrf            ADCON0                          
0045   1283 1703      00204         banksel         ANSEL
Message[302]: Register in operand not in bank 0.  Ensure that bank bits are correct.
0047   019E           00205         clrf            ANSEL
Message[302]: Register in operand not in bank 0.  Ensure that bank bits are correct.
0048   019F           00206         clrf            ANSELH
                      00207         
0049   1283 1303      00208         banksel         PORTA
004B   0185           00209         clrf            PORTA
004C   0187           00210         clrf            PORTC
004D   0186           00211         clrf            PORTB
                      00212 
                      00213         ;-----------------------------------------------------------------
                      00214         ; Multi-Code Pointer
                      00215         ;
                      00216         ;-----------------------------------------------------------------
004E   2???           00217         goto            Main
                      00218         
004F                  00219 Main:
                      00220         
004F   1A06           00221         btfsc           RTS                                             ; initialize as "Microsoft Mouse
                            " when asked by PC-side driver
0050   2???           00222         call            MouseReboot
                      00223         
0051   0826           00224         movf            xRawH, w                                ; debug code
0052   0087           00225         movwf           PORTC
                      00226                 
                      00227         ;-----------|X AXIS|----------------------------------------------
0053   2???           00228         call            ReadX                                   ; read tilt sensor for raw data
0054   2???           00229         call            SubtrX                                  ; do math to fix data
MPASM  5.51     AAA TILT MOUSE RELEASE1,2.ASM   6-9-2014  20:13:40         PAGE  7


LOC  OBJECT CODE     LINE SOURCE TEXT
  VALUE

                      00230         ;-----------|Y AXIS|----------------------------------------------
0055   2???           00231         call            ReadY                                   ; read tilt sensor for raw data
0056   2???           00232         call            SubtrY                                  ; do math to fix data
                      00233         
                      00234         ;-----------|BYTE 0 of PACKET - Direction + Button States|--------
0057   30C0           00235         movlw           b'11000000'                             ; initial values
0058   00AE           00236         movwf           Byte0
0059   1B28           00237         btfsc           xMov, 6                                 ; move highest two bits of x here
005A   142E           00238         bsf                     Byte0, 0
005B   1BA8           00239         btfsc           xMov, 7
005C   14AE           00240         bsf                     Byte0, 1
005D   1B29           00241         btfsc           yMov, 6                                 ; move highest two bits of y here
005E   152E           00242         bsf                     Byte0, 2
005F   1BA9           00243         btfsc           yMov, 7
0060   15AE           00244         bsf                     Byte0, 3
                      00245         
0061   122E           00246         bcf                     Byte0, 4
0062   12AE           00247         bcf                     Byte0, 5
0063   1A05           00248         btfsc           iRightB                                 ; right mouse button
0064   162E           00249         bsf                     Byte0, 4
0065   1985           00250         btfsc           iLeftB                                  ; left mouse button
0066   16AE           00251         bsf                     Byte0, 5
                      00252         ;-----------|BYTE 2 of PACKET - X MAGNITUDE|----------------------
0067   17A8           00253         bsf                     xMov, 7
0068   1328           00254         bcf                     xMov, 6
0069   0828           00255         movf            xMov, w
006A   00AF           00256         movwf           Byte1
                      00257         ;-----------|BYTE 3 of PACKET - Y MAGNITUDE|----------------------
006B   17A9           00258         bsf                     yMov, 7
006C   1329           00259         bcf                     yMov, 6
006D   0829           00260         movf            yMov, w
006E   00B0           00261         movwf           Byte2
                      00262         
                      00263         ;-----------|UART TRANSMIT DATA|----------------------------------
006F   082E           00264         movf            Byte0, w
0070   00A2           00265         movwf           VarTx
0071   2???           00266         call            Transmit                                        ; transmit data
0072   082F           00267         movf            Byte1, w
0073   00A2           00268         movwf           VarTx
0074   2???           00269         call            Transmit                                        ; transmit data
0075   0830           00270         movf            Byte2, w
0076   00A2           00271         movwf           VarTx
0077   2???           00272         call            Transmit                                        ; transmit data
                      00273         
                      00274         
                      00275         ;-----------|SENSITIVITY TOGGLE|----------------------------------
0078   3053           00276                 movlw           nOffset
0079   00AA           00277                 movwf           offset
007A   3057           00278                 movlw           nUpperBound
007B   00AB           00279                 movwf           upperBound
007C   304F           00280                 movlw           nLowerBound
007D   00AC           00281                 movwf           lowerBound
007E   30FA           00282                 movlw           nShiftCtrl
MPASM  5.51     AAA TILT MOUSE RELEASE1,2.ASM   6-9-2014  20:13:40         PAGE  8


LOC  OBJECT CODE     LINE SOURCE TEXT
  VALUE

007F   00AD           00283                 movwf           shiftCtrl
0080   1A85           00284         btfsc           iSensTog
0081   2???           00285         goto            $+9
0082   3010           00286                 movlw           sOffset
0083   00AA           00287                 movwf           offset
0084   3012           00288                 movlw           sUpperBound
0085   00AB           00289                 movwf           upperBound
0086   300E           00290                 movlw           sLowerBound
0087   00AC           00291                 movwf           lowerBound
0088   30DC           00292                 movlw           sShiftCtrl
0089   00AD           00293                 movwf           shiftCtrl       
                      00294         
008A   2???           00295         goto            Main                            ; infinite loop
                      00296         ;-----------|INFINITE LOOP|---------------------------------------      
                      00297         
008B                  00298 MouseReboot:
008B   1E06           00299         btfss           RTS
008C   2???           00300         goto            $-1
008D   2???           00301         call            MouseInit
008E   0008           00302         return
008F                  00303 MouseInit:
008F   304D           00304         movlw           'M'                                                     ; emulate Microsoft Mous
                            e
0090   00A2           00305         movwf           VarTx
0091   2???           00306         call            Transmit
0092   0008           00307         return
                      00308 
                      00309 
                      00310 
                      00311 
                      00312 ;-----------------------------------------------------------------
                      00313 ; Sensor Check                  
                      00314 ;
                      00315 ;-----------------------------------------------------------------
0093                  00316 ReadX:
                      00317                 ; Buffer
0093   1885           00318         btfsc           iTiltX                                  ; Wait for Tilt Sensor to go low
0094   2???           00319         goto            $-1
0095   1C85           00320         btfss           iTiltX                                  ; Wait for Tilt Sensor to go high
0096   2???           00321         goto            $-1
0097   01A4           00322         clrf            xRaw                                    
0098   01A6           00323         clrf            xRawH
                      00324                 ; Counter
0099   0AA4           00325         incf            xRaw, f                                 ; increment as duty cycle counter
009A   1903           00326         btfsc           STATUS, Z                               ; check if xRaw (least significant) over
                            flows
009B   2???           00327         call            IncrXHigh                               ; increment high bits when xRaw overflow
                            s
009C   1885           00328         btfsc           iTiltX                                  ; keep checking until Tilt Sensor falls 
                            (duty cycle done)
009D   2???           00329         goto            $-4
009E   0008           00330         return
009F                  00331 IncrXHigh:
MPASM  5.51     AAA TILT MOUSE RELEASE1,2.ASM   6-9-2014  20:13:40         PAGE  9


LOC  OBJECT CODE     LINE SOURCE TEXT
  VALUE

009F   0AA6           00332         incf            xRawH, f
00A0   082D           00333         movf            shiftCtrl, w                    ; low bits shift control (to move significant bi
                            ts to higher variable)
00A1   00A4           00334         movwf           xRaw
00A2   0008           00335         return
                      00336         
00A3                  00337 SubtrX:
00A3   01A8           00338         clrf            xMov                                    ; set x change to 0, for use with dead-z
                            one
00A4   0826           00339         movf            xRawH, w                                
00A5   022B           00340         subwf           upperBound, w                   ; test if value > upperBound
00A6   1803           00341         btfsc           STATUS, C                               ; C = 0 when W > f, aka value > upperBou
                            nd
00A7   2???           00342         goto            $+4
00A8   082B           00343                 movf            upperBound, w
00A9   0226           00344                 subwf           xRawH, w
00AA   00A8           00345                 movwf           xMov    
00AB   082C           00346         movf            lowerBound, w
00AC   0226           00347         subwf           xRawH, w                                ; test if value < lowerBound
00AD   1C03           00348         btfss           STATUS, C                               ; C = 0 when W > f, aka value < lowerBou
                            nd
00AE   00A8           00349                 movwf           xMov
                      00350                 
                      00351 ;       clrf            xRawH                                   ; reverse sign of X
                      00352 ;       btfss           xMov,0                                          ; invert all digits, add 1 (2's 
                            Complement)
                      00353 ;       bsf                     xRawH, 0
                      00354 ;       btfss           xMov,1
                      00355 ;       bsf                     xRawH, 1
                      00356 ;       btfss           xMov,2
                      00357 ;       bsf                     xRawH, 2
                      00358 ;       btfss           xMov,3
                      00359 ;       bsf                     xRawH, 3
                      00360 ;       btfss           xMov,4
                      00361 ;       bsf                     xRawH, 4
                      00362 ;       btfss           xMov,5
                      00363 ;       bsf                     xRawH, 5
                      00364 ;       btfss           xMov,6
                      00365 ;       bsf                     xRawH, 6
                      00366 ;       btfss           xMov,7
                      00367 ;       bsf                     xRawH, 7
                      00368 ;       movf            xRawH, w
                      00369 ;       movwf           xMov
                      00370 ;       incf            xMov
                      00371         
00AF   0008           00372         return
                      00373 
                      00374 
                      00375 
00B0                  00376 ReadY:
                      00377                 ; Buffer
00B0   1805           00378         btfsc           iTiltY                                  ; Wait for Tilt Sensor to go low
00B1   2???           00379         goto            $-1
MPASM  5.51     AAA TILT MOUSE RELEASE1,2.ASM   6-9-2014  20:13:40         PAGE 10


LOC  OBJECT CODE     LINE SOURCE TEXT
  VALUE

00B2   1C05           00380         btfss           iTiltY                                  ; Wait for Tilt Sensor to go high
00B3   2???           00381         goto            $-1
00B4   01A5           00382         clrf            yRaw                                    
00B5   01A7           00383         clrf            yRawH
                      00384                 ; Counter
00B6   0AA5           00385         incf            yRaw, f                                 ; increment as duty cycle counter
00B7   1903           00386         btfsc           STATUS, Z                               ; check if xRaw (least significant) over
                            flows
00B8   2???           00387         call            IncrYHigh                               ; increment high bits when xRaw overflow
                            s
00B9   1805           00388         btfsc           iTiltY                                  ; keep checking until Tilt Sensor falls 
                            (duty cycle done)
00BA   2???           00389         goto            $-4
00BB   0008           00390         return
00BC                  00391 IncrYHigh:
00BC   0AA7           00392         incf            yRawH, f
00BD   082D           00393         movf            shiftCtrl, w                    ; low bits shift control (to move significant bi
                            ts to higher variable)
00BE   00A5           00394         movwf           yRaw
00BF   0008           00395         return
                      00396         
00C0                  00397 SubtrY:
                      00398                                 
                      00399         
                      00400         
00C0   01A9           00401         clrf            yMov                                    ; set y change to 0, for use with dead-z
                            one
00C1   0827           00402         movf            yRawH, w                                
00C2   022B           00403         subwf           upperBound, w                   ; test if value > upperBound
00C3   1803           00404         btfsc           STATUS, C                               ; C = 0 when W > f, aka value > upperBou
                            nd
00C4   2???           00405         goto            $+4
00C5   082B           00406                 movf            upperBound, w
00C6   0227           00407                 subwf           yRawH, w
00C7   00A9           00408                 movwf           yMov    
                      00409         
00C8   082C           00410         movf            lowerBound, w
00C9   0227           00411         subwf           yRawH, w                                ; test if value < lowerBound
00CA   1C03           00412         btfss           STATUS, C                               ; C = 0 when W > f, aka value < lowerBou
                            nd
00CB   00A9           00413                 movwf           yMov    
                      00414         
                      00415         ;movf           yMov, w
                      00416 ;       sublw           .255
                      00417 ;       movwf           yMov
                      00418 ;       incf            yMov
                      00419 ;       clrf            yRawH                                   ; reverse sign of Y
                      00420 ;       btfss           yMov,0                                          ; invert all digits, add 1 (2's 
                            Complement)
                      00421 ;       bsf                     yRawH, 0
                      00422 ;       btfss           yMov,1
                      00423 ;       bsf                     yRawH, 1
                      00424 ;       btfss           yMov,2
MPASM  5.51     AAA TILT MOUSE RELEASE1,2.ASM   6-9-2014  20:13:40         PAGE 11


LOC  OBJECT CODE     LINE SOURCE TEXT
  VALUE

                      00425 ;       bsf                     yRawH, 2
                      00426 ;       btfss           yMov,3
                      00427 ;       bsf                     yRawH, 3
                      00428 ;       btfss           yMov,4
                      00429 ;       bsf                     yRawH, 4
                      00430 ;       btfss           yMov,5
                      00431 ;       bsf                     yRawH, 5
                      00432 ;       btfss           yMov,6
                      00433 ;       bsf                     yRawH, 6
                      00434 ;       btfss           yMov,7
                      00435 ;       bsf                     yRawH, 7
                      00436 ;       movf            yRawH, w
                      00437 ;       movwf           yMov
                      00438 ;       incf            yMov
                      00439 
00CC   0008           00440         return
                      00441 
                      00442 
                      00443 ;-----------------------------------------------------------------
                      00444 ; Polling                               Non-interrupt based status checking
                      00445 ;
                      00446 ;-----------------------------------------------------------------
00CD                  00447 Transmit:
00CD   1283 1303      00448         banksel         TXREG
00CF   1E0C           00449         btfss           PIR1, TXIF
00D0   2???           00450         goto            $-1
00D1   0822           00451         movf            VarTx, w
00D2   0099           00452         movwf           TXREG
00D3   0008           00453         return
                      00454         
00D4                  00455 Receive:
00D4   1283 1303      00456         banksel         RCREG
00D6   081A           00457         movf            RCREG, w
00D7   00A3           00458         movwf           VarRc
00D8   0008           00459         return
                      00460 
                      00461 
00D9                  00462 Delay:
00D9   0BA0           00463         decfsz          Delay1,f                                        ; Delay1 = Delay1 - 1  
00DA   2???           00464         goto            Delay                                           ; The Inner loop takes 3 instruc
                            tions per loop * 256 loopss = 768 instructions
                      00465         
00DB   0BA1           00466         decfsz          Delay2,f                                        ; Delay2 = Delay2 - 1
00DC   2???           00467         goto            Delay                                           ; (768+3) * 256 = 197376 instruc
                            tions / 1M instructions per second = 0.197 sec.
                      00468         
00DD   0008           00469         return
                      00470 
30D4                  00471         end
MPASM  5.51     AAA TILT MOUSE RELEASE1,2.ASM   6-9-2014  20:13:40         PAGE 12


SYMBOL TABLE
  LABEL                             VALUE 

ABDEN                             00000000
ABDOVF                            00000007
ADCON0                            0000001F
ADCON1                            0000009F
ADCS0                             00000004
ADCS1                             00000005
ADCS2                             00000006
ADDEN                             00000003
ADFM                              00000007
ADIE                              00000006
ADIF                              00000006
ADON                              00000000
ADRESH                            0000001E
ADRESL                            0000009E
ANS0                              00000000
ANS1                              00000001
ANS10                             00000002
ANS11                             00000003
ANS2                              00000002
ANS3                              00000003
ANS4                              00000004
ANS5                              00000005
ANS6                              00000006
ANS7                              00000007
ANS8                              00000000
ANS9                              00000001
ANSEL                             0000011E
ANSELH                            0000011F
BAUDCTL                           0000009B
BF                                00000000
BRG0                              00000000
BRG1                              00000001
BRG10                             00000002
BRG11                             00000003
BRG12                             00000004
BRG13                             00000005
BRG14                             00000006
BRG15                             00000007
BRG16                             00000003
BRG2                              00000002
BRG3                              00000003
BRG4                              00000004
BRG5                              00000005
BRG6                              00000006
BRG7                              00000007
BRG8                              00000000
BRG9                              00000001
BRGH                              00000002
Byte0                             0000002E
Byte1                             0000002F
Byte2                             00000030
Byte3                             00000031
C                                 00000000
MPASM  5.51     AAA TILT MOUSE RELEASE1,2.ASM   6-9-2014  20:13:40         PAGE 13


SYMBOL TABLE
  LABEL                             VALUE 

C1CH0                             00000000
C1CH1                             00000001
C1IE                              00000005
C1IF                              00000005
C1OE                              00000005
C1ON                              00000007
C1OUT                             00000006
C1POL                             00000004
C1R                               00000002
C1SEN                             00000005
C1VREN                            00000007
C2CH0                             00000000
C2CH1                             00000001
C2IE                              00000006
C2IF                              00000006
C2OE                              00000005
C2ON                              00000007
C2OUT                             00000006
C2POL                             00000004
C2R                               00000002
C2REN                             00000004
C2SYNC                            00000000
C2VREN                            00000006
CCP1CON                           00000017
CCP1IE                            00000002
CCP1IF                            00000002
CCP1M0                            00000000
CCP1M1                            00000001
CCP1M2                            00000002
CCP1M3                            00000003
CCPR                              00000015
CCPR1H                            00000016
CCPR1L                            00000015
CHS0                              00000002
CHS1                              00000003
CHS2                              00000004
CHS3                              00000005
CKE                               00000006
CKP                               00000004
CM1CON0                           00000119
CM2CON0                           0000011A
CM2CON1                           0000011B
CREN                              00000004
CSRC                              00000007
D                                 00000005
DATA_ADDRESS                      00000005
DC                                00000001
DC1B0                             00000004
DC1B1                             00000005
D_A                               00000005
D_NOT_A                           00000005
Delay                             000000D9
Delay1                            00000020
MPASM  5.51     AAA TILT MOUSE RELEASE1,2.ASM   6-9-2014  20:13:40         PAGE 14


SYMBOL TABLE
  LABEL                             VALUE 

Delay2                            00000021
ECCPAS                            0000001D
ECCPAS0                           00000004
ECCPAS1                           00000005
ECCPAS2                           00000006
ECCPASE                           00000007
EEADR                             0000010D
EEADRH                            0000010F
EECON1                            0000018C
EECON2                            0000018D
EEDAT                             0000010C
EEDATA                            0000010C
EEDATH                            0000010E
EEIE                              00000004
EEIF                              00000004
EEPGD                             00000007
F                                 00000001
FERR                              00000002
FSR                               00000004
GIE                               00000007
GO                                00000001
GO_DONE                           00000001
GO_NOT_DONE                       00000001
HTS                               00000002
I2C_DATA                          00000005
I2C_READ                          00000002
I2C_START                         00000003
I2C_STOP                          00000004
INDF                              00000000
INTCON                            0000000B
INTE                              00000004
INTEDG                            00000006
INTF                              00000001
IOC                               00000096
IOC0                              00000000
IOC1                              00000001
IOC2                              00000002
IOC3                              00000003
IOC4                              00000004
IOC5                              00000005
IOCA                              00000096
IOCA0                             00000000
IOCA1                             00000001
IOCA2                             00000002
IOCA3                             00000003
IOCA4                             00000004
IOCA5                             00000005
IOCB                              00000116
IOCB4                             00000004
IOCB5                             00000005
IOCB6                             00000006
IOCB7                             00000007
IRCF0                             00000004
MPASM  5.51     AAA TILT MOUSE RELEASE1,2.ASM   6-9-2014  20:13:40         PAGE 15


SYMBOL TABLE
  LABEL                             VALUE 

IRCF1                             00000005
IRCF2                             00000006
IRP                               00000007
IncrXHigh                         0000009F
IncrYHigh                         000000BC
LTS                               00000001
MC1OUT                            00000007
MC2OUT                            00000006
MSK                               00000093
MSK0                              00000000
MSK1                              00000001
MSK2                              00000002
MSK3                              00000003
MSK4                              00000004
MSK5                              00000005
MSK6                              00000006
MSK7                              00000007
Main                              0000004F
MouseInit                         0000008F
MouseReboot                       0000008B
NOT_A                             00000005
NOT_ADDRESS                       00000005
NOT_BOR                           00000000
NOT_DONE                          00000001
NOT_PD                            00000003
NOT_POR                           00000001
NOT_RABPU                         00000007
NOT_T1SYNC                        00000002
NOT_TO                            00000004
NOT_W                             00000002
NOT_WRITE                         00000002
OERR                              00000001
OPTION_REG                        00000081
OSCCON                            0000008F
OSCTUNE                           00000090
OSFIE                             00000007
OSFIF                             00000007
OSTS                              00000003
P                                 00000004
P1M0                              00000006
P1M1                              00000007
PCL                               00000002
PCLATH                            0000000A
PCON                              0000008E
PDC0                              00000000
PDC1                              00000001
PDC2                              00000002
PDC3                              00000003
PDC4                              00000004
PDC5                              00000005
PDC6                              00000006
PEIE                              00000006
PIE1                              0000008C
MPASM  5.51     AAA TILT MOUSE RELEASE1,2.ASM   6-9-2014  20:13:40         PAGE 16


SYMBOL TABLE
  LABEL                             VALUE 

PIE2                              0000008D
PIR1                              0000000C
PIR2                              0000000D
PORTA                             00000005
PORTB                             00000006
PORTC                             00000007
PR2                               00000092
PRSEN                             00000007
PS0                               00000000
PS1                               00000001
PS2                               00000002
PSA                               00000003
PSSAC0                            00000002
PSSAC1                            00000003
PSSBD0                            00000000
PSSBD1                            00000001
PSTRCON                           0000019D
PULSR                             00000002
PULSS                             00000003
PWM1CON                           0000001C
R                                 00000002
RA0                               00000000
RA1                               00000001
RA2                               00000002
RA3                               00000003
RA4                               00000004
RA5                               00000005
RABIE                             00000003
RABIF                             00000000
RB4                               00000004
RB5                               00000005
RB6                               00000006
RB7                               00000007
RC0                               00000000
RC1                               00000001
RC2                               00000002
RC3                               00000003
RC4                               00000004
RC5                               00000005
RC6                               00000006
RC7                               00000007
RCIDL                             00000006
RCIE                              00000005
RCIF                              00000005
RCREG                             0000001A
RCSTA                             00000018
RD                                00000000
READ_WRITE                        00000002
RP0                               00000005
RP1                               00000006
RTS                               PORTB,4
RX9                               00000006
RX9D                              00000000
MPASM  5.51     AAA TILT MOUSE RELEASE1,2.ASM   6-9-2014  20:13:40         PAGE 17


SYMBOL TABLE
  LABEL                             VALUE 

R_NOT_W                           00000002
R_W                               00000002
ReadX                             00000093
ReadY                             000000B0
Receive                           000000D4
S                                 00000003
SBOREN                            00000004
SCKP                              00000004
SCS                               00000000
SENB                              00000003
SENDB                             00000003
SMP                               00000007
SPBRG                             00000099
SPBRGH                            0000009A
SPEN                              00000007
SR0                               00000006
SR1                               00000007
SRCON                             0000019E
SREN                              00000005
SSPADD                            00000093
SSPBUF                            00000013
SSPCON                            00000014
SSPEN                             00000005
SSPIE                             00000003
SSPIF                             00000003
SSPM0                             00000000
SSPM1                             00000001
SSPM2                             00000002
SSPM3                             00000003
SSPMSK                            00000093
SSPOV                             00000006
SSPSTAT                           00000094
STATUS                            00000003
STRA                              00000000
STRB                              00000001
STRC                              00000002
STRD                              00000003
STRSYNC                           00000004
SWDTEN                            00000000
SYNC                              00000004
Start                             00000001
SubtrX                            000000A3
SubtrY                            000000C0
T0CS                              00000005
T0IE                              00000005
T0IF                              00000002
T0SE                              00000004
T1CKPS0                           00000004
T1CKPS1                           00000005
T1CON                             00000010
T1GINV                            00000007
T1GSS                             00000001
T1IE                              00000000
MPASM  5.51     AAA TILT MOUSE RELEASE1,2.ASM   6-9-2014  20:13:40         PAGE 18


SYMBOL TABLE
  LABEL                             VALUE 

T1IF                              00000000
T1OSCEN                           00000003
T2CKPS0                           00000000
T2CKPS1                           00000001
T2CON                             00000012
T2IE                              00000001
T2IF                              00000001
TMR0                              00000001
TMR1                              0000000E
TMR1CS                            00000001
TMR1GE                            00000006
TMR1H                             0000000F
TMR1IE                            00000000
TMR1IF                            00000000
TMR1L                             0000000E
TMR1ON                            00000000
TMR2                              00000011
TMR2IE                            00000001
TMR2IF                            00000001
TMR2ON                            00000002
TOUTPS0                           00000003
TOUTPS1                           00000004
TOUTPS2                           00000005
TOUTPS3                           00000006
TRISA                             00000085
TRISA0                            00000000
TRISA1                            00000001
TRISA2                            00000002
TRISA3                            00000003
TRISA4                            00000004
TRISA5                            00000005
TRISB                             00000086
TRISB4                            00000004
TRISB5                            00000005
TRISB6                            00000006
TRISB7                            00000007
TRISC                             00000087
TRISC0                            00000000
TRISC1                            00000001
TRISC2                            00000002
TRISC3                            00000003
TRISC4                            00000004
TRISC5                            00000005
TRISC6                            00000006
TRISC7                            00000007
TRMT                              00000001
TUN0                              00000000
TUN1                              00000001
TUN2                              00000002
TUN3                              00000003
TUN4                              00000004
TX9                               00000006
TX9D                              00000000
MPASM  5.51     AAA TILT MOUSE RELEASE1,2.ASM   6-9-2014  20:13:40         PAGE 19


SYMBOL TABLE
  LABEL                             VALUE 

TXEN                              00000005
TXIE                              00000004
TXIF                              00000004
TXREG                             00000019
TXSTA                             00000098
Transmit                          000000CD
UA                                00000001
ULPWUE                            00000005
VCFG                              00000006
VP6EN                             00000004
VR0                               00000000
VR1                               00000001
VR2                               00000002
VR3                               00000003
VRCON                             00000118
VRR                               00000005
VarRc                             00000023
VarTx                             00000022
W                                 00000000
WCOL                              00000007
WDTCON                            00000097
WDTPS0                            00000001
WDTPS1                            00000002
WDTPS2                            00000003
WDTPS3                            00000004
WPU                               00000095
WPU0                              00000000
WPU1                              00000001
WPU2                              00000002
WPU4                              00000004
WPU5                              00000005
WPUA                              00000095
WPUA0                             00000000
WPUA1                             00000001
WPUA2                             00000002
WPUA4                             00000004
WPUA5                             00000005
WPUB                              00000115
WPUB4                             00000004
WPUB5                             00000005
WPUB6                             00000006
WPUB7                             00000007
WR                                00000001
WREN                              00000002
WRERR                             00000003
WUE                               00000001
Z                                 00000002
_.org_0_0081                      00000081
_.org_0_008C                      0000008C
_.org_0_0094                      00000094
_.org_0_0096                      00000096
_.org_0_009D                      0000009D
_.org_0_00A7                      000000A7
MPASM  5.51     AAA TILT MOUSE RELEASE1,2.ASM   6-9-2014  20:13:40         PAGE 20


SYMBOL TABLE
  LABEL                             VALUE 

_.org_0_00B1                      000000B1
_.org_0_00B3                      000000B3
_.org_0_00BA                      000000BA
_.org_0_00C4                      000000C4
_.org_0_00D0                      000000D0
_BOD_NSLEEP                       00003EFF
_BOD_OFF                          00003CFF
_BOD_ON                           00003FFF
_BOD_SBODEN                       00003DFF
_BOREN_NSLEEP                     00003EFF
_BOREN_OFF                        00003CFF
_BOREN_ON                         00003FFF
_BOREN_SBODEN                     00003DFF
_BOR_NSLEEP                       00003EFF
_BOR_OFF                          00003CFF
_BOR_ON                           00003FFF
_BOR_SBODEN                       00003DFF
_CONFIG                           00002007
_CPD_OFF                          00003FFF
_CPD_ON                           00003F7F
_CP_OFF                           00003FFF
_CP_ON                            00003FBF
_DEVID1                           00002006
_EC_OSC                           00003FFB
_EXTRC                            00003FFF
_EXTRCIO                          00003FFE
_EXTRC_OSC_CLKOUT                 00003FFF
_EXTRC_OSC_NOCLKOUT               00003FFE
_FCMEN_OFF                        000037FF
_FCMEN_ON                         00003FFF
_FOSC_EC                          00003FFB
_FOSC_EXTRCCLK                    00003FFF
_FOSC_EXTRCIO                     00003FFE
_FOSC_HS                          00003FFA
_FOSC_INTRCCLK                    00003FFD
_FOSC_INTRCIO                     00003FFC
_FOSC_LP                          00003FF8
_FOSC_XT                          00003FF9
_HS_OSC                           00003FFA
_IDLOC0                           00002000
_IDLOC1                           00002001
_IDLOC2                           00002002
_IDLOC3                           00002003
_IESO_OFF                         00003BFF
_IESO_ON                          00003FFF
_INTOSC                           00003FFD
_INTOSCIO                         00003FFC
_INTRC_OSC_CLKOUT                 00003FFD
_INTRC_OSC_NOCLKOUT               00003FFC
_LP_OSC                           00003FF8
_MCLRE_OFF                        00003FDF
_MCLRE_ON                         00003FFF
_PWRTE_OFF                        00003FFF
MPASM  5.51     AAA TILT MOUSE RELEASE1,2.ASM   6-9-2014  20:13:40         PAGE 21


SYMBOL TABLE
  LABEL                             VALUE 

_PWRTE_ON                         00003FEF
_WDTE_OFF                         00003FF7
_WDTE_ON                          00003FFF
_WDT_OFF                          00003FF7
_WDT_ON                           00003FFF
_XT_OSC                           00003FF9
__16F690                          00000001
__DEBUG                           1
iLeftB                            PORTA,3
iRightB                           PORTA,4
iSensTog                          PORTA,5
iTiltX                            PORTA,1
iTiltY                            PORTA,0
lowerBound                        0000002C
nLowerBound                       .79
nOffset                           .83
nShiftCtrl                        .250
nUpperBound                       .87
offset                            0000002A
sLowerBound                       .14
sOffset                           .16
sShiftCtrl                        .220
sUpperBound                       .18
shiftCtrl                         0000002D
upperBound                        0000002B
xMov                              00000028
xRaw                              00000024
xRawH                             00000026
yMov                              00000029
yRaw                              00000025
yRawH                             00000027

Errors   :     0
Warnings :     0 reported,     0 suppressed
Messages :    33 reported,     0 suppressed

