MPASM  5.51                  AAA KEYBOARD.ASM   6-12-2014  15:44:17         PAGE  1


LOC  OBJECT CODE     LINE SOURCE TEXT
  VALUE

                      00001 ;**********************************************************************
                      00002 ;                                                                                                       
                                                                    *
                      00003 ;       Filename:               Test.asm                                                                
                                                    *
                      00004 ;       Date:                                                                                           
                                                            *
                      00005 ;       File Version:   1.1.0                                                                           
                                            *
                      00006 ;                                                                                                       
                                                                    *
                      00007 ;       Author:                 Jonathan                                                                
                                                    *
                      00008 ;       Company:                                                                                        
                                                            *
                      00009 ;                                                                                                       
                                                                    * 
                      00010 ;                                                                                                       
                                                                    *
                      00011 ;**********************************************************************
                      00012 ;                                                                                                       
                                                                    *
                      00013 ;       Files Required: P16F690.INC                                                                     
                                            *
                      00014 ;                                                                                                       
                                                                    *
                      00015 ;**********************************************************************
                      00016 ;                                                                                                       
                                                                    *
                      00017 ;       Notes:                                                                                          
                                                            *
                      00018 ;               button stat:    hardware, 0=pressed                                                     
                                    *
                      00019 ;                                               software vars, 1=unpressed                              
                                            *
                      00020 ;                                                                                                       
                                                                    *
                      00021 ;**********************************************************************
                      00022 
                      00023 
                      00024         list            p=16f690                ; list directive to define processor
                      00025         #include <p16F690.inc>
                      00001         LIST
                      00002 
                      00003 ;==========================================================================
                      00004 ;  MPASM PIC16F690 processor include
                      00005 ; 
                      00006 ;  (c) Copyright 1999-2013 Microchip Technology, All rights reserved
                      00007 ;==========================================================================
                      00008 
                      00756         LIST
                      00026         
                      00027         #define         iTiltX          PORTA,1
MPASM  5.51                  AAA KEYBOARD.ASM   6-12-2014  15:44:17         PAGE  2


LOC  OBJECT CODE     LINE SOURCE TEXT
  VALUE

                      00028         #define         iTiltY          PORTA,0
                      00029         #define         iRightB         PORTA,4
                      00030         #define         iLeftB          PORTA,3
                      00031         #define         iSensTog        PORTA,5
                      00032         #define         RTS                     PORTB,4
                      00033         
                      00034         #define         nOffset         .83
                      00035         #define         nUpperBound     .87
                      00036         #define         nLowerBound     .79
                      00037         #define         nShiftCtrl      .250
                      00038         
                      00039         #define         sOffset         .16                     ;.22
                      00040         #define         sUpperBound     .18                     ;.24
                      00041         #define         sLowerBound     .14                     ;.20
                      00042         #define         sShiftCtrl      .220            ;.230
                      00043         
                      00044         
2007   30D4           00045         __config (_INTRC_OSC_NOCLKOUT & _WDT_OFF & _PWRTE_OFF & _MCLRE_OFF & _CP_OFF & _BOR_OFF & _IESO_
                            OFF & _FCMEN_OFF)
                      00046 
                      00047 
                      00048         cblock 0x20
  00000020            00049 Delay1                                          ; unused delay variables
  00000021            00050 Delay2
                      00051 
                      00052 ;ButtonStat                                     ; Bit0 = RA5, Bit1 = RA4, 1 = unpressed
                      00053 
  00000022            00054 VarTx                                           ; temporary holder for data to transmit
  00000023            00055 VarRc                                           ; temporary holder for data received
                      00056 
  00000024            00057 xRaw                                            ; raw values from tilt sensor, thrown out
  00000025            00058 yRaw
  00000026            00059 xRawH                                           ; high bits from tilt sensor, used
  00000027            00060 yRawH
  00000028            00061 xMov                                            ; change in direction, sent to USB
  00000029            00062 yMov
                      00063 
  0000002A            00064 offset                                          ; 0 degrees
  0000002B            00065 upperBound                                      ; for deadzone (offset + x degs)
  0000002C            00066 lowerBound                                      ; for deadzone (offsel - x degs)
  0000002D            00067 shiftCtrl                                       ; for changing sensitivity 
                      00068 
                      00069 ;---------------------------------------------------------------------
                      00070 ;       Mouse Packet Data
                      00071 ;---------------------------------------------------------------------
  0000002E            00072 Byte0
  0000002F            00073 Byte1   
  00000030            00074 Byte2
  00000031            00075 Byte3   
                      00076         endc
                      00077         
                      00078         
                      00079         org 0x0
MPASM  5.51                  AAA KEYBOARD.ASM   6-12-2014  15:44:17         PAGE  3


LOC  OBJECT CODE     LINE SOURCE TEXT
  VALUE

0000   2???           00080         goto            Start
                      00081 
0001                  00082 Start:  
                      00083         ;-----------------------------------------------------------------
                      00084         ; SET CONSTANTS
                      00085         ;-----------------------------------------------------------------
0001   3053           00086         movlw           .83
0002   00AA           00087         movwf           offset
0003   3057           00088         movlw           .87
0004   00AB           00089         movwf           upperBound
0005   304F           00090         movlw           .79
0006   00AC           00091         movwf           lowerBound      
0007   30FA           00092         movlw           .250
0008   00AD           00093         movwf           shiftCtrl
                      00094         
                      00095         
                      00096         ;-----------------------------------------------------------------
                      00097         ; SET CPU SPEED                 111 = 8MHz
                      00098         ;
                      00099         ;       111 = 8MHz; 110 = 4MHz; 101 = 2MHz; 100 = 1MHz
                      00100         ;-----------------------------------------------------------------
0009   1683 1303      00101         banksel         OSCCON                                          
Message[302]: Register in operand not in bank 0.  Ensure that bank bits are correct.
000B   120F           00102         bcf                     OSCCON, IRCF0                           
Message[302]: Register in operand not in bank 0.  Ensure that bank bits are correct.
000C   168F           00103         bsf                     OSCCON, IRCF1                           
Message[302]: Register in operand not in bank 0.  Ensure that bank bits are correct.
000D   170F           00104         bsf                     OSCCON, IRCF2                           
                      00105         
                      00106         
                      00107         ;-----------------------------------------------------------------
                      00108         ; SET IO Pins                   Clear all
                      00109         ;
                      00110         ;
                      00111         ;-----------------------------------------------------------------
000E   1683 1303      00112         banksel         TRISA
Message[302]: Register in operand not in bank 0.  Ensure that bank bits are correct.
0010   0185           00113         clrf            TRISA
Message[302]: Register in operand not in bank 0.  Ensure that bank bits are correct.
0011   0186           00114         clrf            TRISB
Message[302]: Register in operand not in bank 0.  Ensure that bank bits are correct.
0012   0187           00115         clrf            TRISC
Message[302]: Register in operand not in bank 0.  Ensure that bank bits are correct.
0013   1485           00116         bsf                     TRISA, 1                                        ; Tilt Sensor X
Message[302]: Register in operand not in bank 0.  Ensure that bank bits are correct.
0014   1405           00117         bsf                     TRISA, 0                                        ; Tilt Sensor Y
Message[302]: Register in operand not in bank 0.  Ensure that bank bits are correct.
0015   1585           00118         bsf                     TRISA, 3                                        ; Right Button
Message[302]: Register in operand not in bank 0.  Ensure that bank bits are correct.
0016   1605           00119         bsf                     TRISA, 4                                        ; Left Button
Message[302]: Register in operand not in bank 0.  Ensure that bank bits are correct.
0017   1685           00120         bsf                     TRISA, 5                                        ; sensitivity toggle
Message[302]: Register in operand not in bank 0.  Ensure that bank bits are correct.
MPASM  5.51                  AAA KEYBOARD.ASM   6-12-2014  15:44:17         PAGE  4


LOC  OBJECT CODE     LINE SOURCE TEXT
  VALUE

0018   1407           00121         bsf                     TRISC, 0                                        ; pressure sensor 1
Message[302]: Register in operand not in bank 0.  Ensure that bank bits are correct.
0019   1487           00122         bsf                     TRISC, 1                                        ; pressure sensor 2
Message[302]: Register in operand not in bank 0.  Ensure that bank bits are correct.
001A   1606           00123         bsf                     TRISB, 4                                        ; RTS: Request to send f
                            rom PC
                      00124         
                      00125         
                      00126         ;-----------------------------------------------------------------
                      00127         ; SET EUSART Comms
                      00128         ;
                      00129         ;
                      00130         ;-----------------------------------------------------------------
001B   1683 1303      00131         banksel         TRISB
Message[302]: Register in operand not in bank 0.  Ensure that bank bits are correct.
001D   1686           00132         bsf                     TRISB, 5
Message[302]: Register in operand not in bank 0.  Ensure that bank bits are correct.
001E   1706           00133         bsf                     TRISB, 6
Message[302]: Register in operand not in bank 0.  Ensure that bank bits are correct.
001F   1786           00134         bsf                     TRISB, 7
                      00135                 
0020   1683 1303      00136         banksel         TXSTA                                   ; Transmitter Config
Message[302]: Register in operand not in bank 0.  Ensure that bank bits are correct.
0022   1318           00137         bcf                     TXSTA, TX9                                      ; 9-bit Transmit:       
                                            Disabled
Message[302]: Register in operand not in bank 0.  Ensure that bank bits are correct.
0023   1698           00138         bsf                     TXSTA, TXEN                                     ; Transmit Enable:      
                                            Enabled
Message[302]: Register in operand not in bank 0.  Ensure that bank bits are correct.
0024   1218           00139         bcf                     TXSTA, SYNC                                     ; EUSART Mode Select: 0=
                            asynchronous
Message[302]: Register in operand not in bank 0.  Ensure that bank bits are correct.
0025   1198           00140         bcf                     TXSTA, SENB                                     ; Send Break Character b
                            it
Message[302]: Register in operand not in bank 0.  Ensure that bank bits are correct.
0026   1518           00141         bsf                     TXSTA, BRGH                                     ; High Baud Rate Select 
                            Bit
                      00142         
0027   1283 1303      00143         banksel         RCSTA                                   ; Receiver Config
0029   1798           00144         bsf                     RCSTA, SPEN                                     ; Serial Port Enable
002A   1318           00145         bcf                     RCSTA, RX9                                      ; 9-bit Receive:        
                                            Disabled
002B   1618           00146         bsf                     RCSTA, CREN                                     ; Receive Enable:       
                                            Enabled
                      00147         
002C   1683 1303      00148         banksel         BAUDCTL                                 ; Baud Rate Generator
Message[302]: Register in operand not in bank 0.  Ensure that bank bits are correct.
002E   121B           00149         bcf                     BAUDCTL, SCKP                           ; Synchronous Clock Polarity Sel
                            ect Bit
Message[302]: Register in operand not in bank 0.  Ensure that bank bits are correct.
002F   119B           00150         bcf                     BAUDCTL, BRG16                          ; 16-bit baud rate gen:         
                            0 = 8-bit baud rate
Message[302]: Register in operand not in bank 0.  Ensure that bank bits are correct.
MPASM  5.51                  AAA KEYBOARD.ASM   6-12-2014  15:44:17         PAGE  5


LOC  OBJECT CODE     LINE SOURCE TEXT
  VALUE

0030   109B           00151         bcf                     BAUDCTL, WUE                            ; Wake-up Enable:               
                                    0 = no interrupts
                      00152 ;       bsf                     BAUDCTL, ABDEN                          ; Auto-Baud mode???
0031   1683 1303      00153         banksel         SPBRG
0033   30CF           00154         movlw           .207
Message[302]: Register in operand not in bank 0.  Ensure that bank bits are correct.
0034   0099           00155         movwf           SPBRG                                           ; 1200 Hz @ 8-bit, high rate
0035   3000           00156         movlw           .0
Message[302]: Register in operand not in bank 0.  Ensure that bank bits are correct.
0036   009A           00157         movwf           SPBRGH
                      00158         
                      00159         ;-----------------------------------------------------------------
                      00160         ; INTERRUPTS                                    Turn Everything Off
                      00161         ;
                      00162         ;-----------------------------------------------------------------
0037   1683 1303      00163         banksel         PIE1
Message[302]: Register in operand not in bank 0.  Ensure that bank bits are correct.
0039   018C           00164         clrf            PIE1
Message[302]: Register in operand not in bank 0.  Ensure that bank bits are correct.
003A   018D           00165         clrf            PIE2
Message[302]: Register in operand not in bank 0.  Ensure that bank bits are correct.
003B   160C           00166         bsf                     PIE1, TXIE                                      ; Transmitter Interrupt
Message[302]: Register in operand not in bank 0.  Ensure that bank bits are correct.
003C   168C           00167         bsf                     PIE1, RCIE                                      ; Receiver Interrupt
003D   1283 1303      00168         banksel         INTCON
003F   018B           00169         clrf            INTCON
0040   170B           00170         bsf                     INTCON, PEIE                            ; Peripheral Interrupts Enabled
0041   138B           00171         bcf                     INTCON, GIE                                     ; Global Interrupt Disab
                            led
                      00172         
                      00173         ;-----------------------------------------------------------------
                      00174         ; SET A-D Converter                             Turn Everything Off
                      00175         ;       
                      00176         ;-----------------------------------------------------------------
0042   1283 1303      00177         banksel         ADCON0                                          
0044   019F           00178         clrf            ADCON0                          
0045   1283 1703      00179         banksel         ANSEL
Message[302]: Register in operand not in bank 0.  Ensure that bank bits are correct.
0047   019E           00180         clrf            ANSEL
Message[302]: Register in operand not in bank 0.  Ensure that bank bits are correct.
0048   019F           00181         clrf            ANSELH
                      00182         
0049   1283 1303      00183         banksel         PORTA
004B   0185           00184         clrf            PORTA
004C   0187           00185         clrf            PORTC
004D   0186           00186         clrf            PORTB
                      00187 
                      00188         ;-----------------------------------------------------------------
                      00189         ; Multi-Code Pointer
                      00190         ;
                      00191         ;-----------------------------------------------------------------
004E   2???           00192         goto            Main
                      00193         
MPASM  5.51                  AAA KEYBOARD.ASM   6-12-2014  15:44:17         PAGE  6


LOC  OBJECT CODE     LINE SOURCE TEXT
  VALUE

004F                  00194 Main:
                      00195         
004F   1A06           00196         btfsc           RTS                                             ; initialize as "Microsoft Mouse
                            " when asked by PC-side driver
0050   2???           00197         call            MouseReboot
                      00198         
0051   0826           00199         movf            xRawH, w                                ; debug code
0052   0087           00200         movwf           PORTC
                      00201         
0053   301C           00202         movlw           0x1C
0054   00A2           00203         movwf           VarTx
0055   2???           00204         call            Transmit                                        ; transmit data
0056   30F0           00205         movlw           0xF0
0057   00A2           00206         movwf           VarTx
0058   2???           00207         call            Transmit                                        ; transmit data
0059   301C           00208         movlw           0x1C
005A   00A2           00209         movwf           VarTx
005B   2???           00210         call            Transmit                                        ; transmit data
                      00211         
005C   2???           00212         call            Delay
                      00213         
005D   2???           00214         goto            Main                            ; infinite loop
                      00215         ;-----------|INFINITE LOOP|---------------------------------------      
                      00216         
005E                  00217 MouseReboot:
005E   1E06           00218         btfss           RTS
005F   2???           00219         goto            $-1
0060   2???           00220         call            MouseInit
0061   0008           00221         return
0062                  00222 MouseInit:
0062   30AA           00223         movlw           0xAA                                            ; emulate Keyboard
0063   00A2           00224         movwf           VarTx
0064   2???           00225         call            Transmit
0065   0008           00226         return
                      00227 
                      00228 
                      00229 
                      00230 ;-----------------------------------------------------------------
                      00231 ; Polling                               Non-interrupt based status checking
                      00232 ;
                      00233 ;-----------------------------------------------------------------
0066                  00234 Transmit:
0066   1283 1303      00235         banksel         TXREG
0068   1E0C           00236         btfss           PIR1, TXIF
0069   2???           00237         goto            $-1
006A   0822           00238         movf            VarTx, w
006B   0099           00239         movwf           TXREG
006C   0008           00240         return
                      00241         
006D                  00242 Receive:
006D   1283 1303      00243         banksel         RCREG
006F   081A           00244         movf            RCREG, w
0070   00A3           00245         movwf           VarRc
MPASM  5.51                  AAA KEYBOARD.ASM   6-12-2014  15:44:17         PAGE  7


LOC  OBJECT CODE     LINE SOURCE TEXT
  VALUE

0071   0008           00246         return
                      00247 
                      00248 
0072                  00249 Delay:
0072   0BA0           00250         decfsz          Delay1,f                                        ; Delay1 = Delay1 - 1  
0073   2???           00251         goto            Delay                                           ; The Inner loop takes 3 instruc
                            tions per loop * 256 loopss = 768 instructions
                      00252         
0074   0BA1           00253         decfsz          Delay2,f                                        ; Delay2 = Delay2 - 1
0075   2???           00254         goto            Delay                                           ; (768+3) * 256 = 197376 instruc
                            tions / 1M instructions per second = 0.197 sec.
                      00255         
0076   0008           00256         return
                      00257 
30D4                  00258         end
MPASM  5.51                  AAA KEYBOARD.ASM   6-12-2014  15:44:17         PAGE  8


SYMBOL TABLE
  LABEL                             VALUE 

ABDEN                             00000000
ABDOVF                            00000007
ADCON0                            0000001F
ADCON1                            0000009F
ADCS0                             00000004
ADCS1                             00000005
ADCS2                             00000006
ADDEN                             00000003
ADFM                              00000007
ADIE                              00000006
ADIF                              00000006
ADON                              00000000
ADRESH                            0000001E
ADRESL                            0000009E
ANS0                              00000000
ANS1                              00000001
ANS10                             00000002
ANS11                             00000003
ANS2                              00000002
ANS3                              00000003
ANS4                              00000004
ANS5                              00000005
ANS6                              00000006
ANS7                              00000007
ANS8                              00000000
ANS9                              00000001
ANSEL                             0000011E
ANSELH                            0000011F
BAUDCTL                           0000009B
BF                                00000000
BRG0                              00000000
BRG1                              00000001
BRG10                             00000002
BRG11                             00000003
BRG12                             00000004
BRG13                             00000005
BRG14                             00000006
BRG15                             00000007
BRG16                             00000003
BRG2                              00000002
BRG3                              00000003
BRG4                              00000004
BRG5                              00000005
BRG6                              00000006
BRG7                              00000007
BRG8                              00000000
BRG9                              00000001
BRGH                              00000002
Byte0                             0000002E
Byte1                             0000002F
Byte2                             00000030
Byte3                             00000031
C                                 00000000
MPASM  5.51                  AAA KEYBOARD.ASM   6-12-2014  15:44:17         PAGE  9


SYMBOL TABLE
  LABEL                             VALUE 

C1CH0                             00000000
C1CH1                             00000001
C1IE                              00000005
C1IF                              00000005
C1OE                              00000005
C1ON                              00000007
C1OUT                             00000006
C1POL                             00000004
C1R                               00000002
C1SEN                             00000005
C1VREN                            00000007
C2CH0                             00000000
C2CH1                             00000001
C2IE                              00000006
C2IF                              00000006
C2OE                              00000005
C2ON                              00000007
C2OUT                             00000006
C2POL                             00000004
C2R                               00000002
C2REN                             00000004
C2SYNC                            00000000
C2VREN                            00000006
CCP1CON                           00000017
CCP1IE                            00000002
CCP1IF                            00000002
CCP1M0                            00000000
CCP1M1                            00000001
CCP1M2                            00000002
CCP1M3                            00000003
CCPR                              00000015
CCPR1H                            00000016
CCPR1L                            00000015
CHS0                              00000002
CHS1                              00000003
CHS2                              00000004
CHS3                              00000005
CKE                               00000006
CKP                               00000004
CM1CON0                           00000119
CM2CON0                           0000011A
CM2CON1                           0000011B
CREN                              00000004
CSRC                              00000007
D                                 00000005
DATA_ADDRESS                      00000005
DC                                00000001
DC1B0                             00000004
DC1B1                             00000005
D_A                               00000005
D_NOT_A                           00000005
Delay                             00000072
Delay1                            00000020
MPASM  5.51                  AAA KEYBOARD.ASM   6-12-2014  15:44:17         PAGE 10


SYMBOL TABLE
  LABEL                             VALUE 

Delay2                            00000021
ECCPAS                            0000001D
ECCPAS0                           00000004
ECCPAS1                           00000005
ECCPAS2                           00000006
ECCPASE                           00000007
EEADR                             0000010D
EEADRH                            0000010F
EECON1                            0000018C
EECON2                            0000018D
EEDAT                             0000010C
EEDATA                            0000010C
EEDATH                            0000010E
EEIE                              00000004
EEIF                              00000004
EEPGD                             00000007
F                                 00000001
FERR                              00000002
FSR                               00000004
GIE                               00000007
GO                                00000001
GO_DONE                           00000001
GO_NOT_DONE                       00000001
HTS                               00000002
I2C_DATA                          00000005
I2C_READ                          00000002
I2C_START                         00000003
I2C_STOP                          00000004
INDF                              00000000
INTCON                            0000000B
INTE                              00000004
INTEDG                            00000006
INTF                              00000001
IOC                               00000096
IOC0                              00000000
IOC1                              00000001
IOC2                              00000002
IOC3                              00000003
IOC4                              00000004
IOC5                              00000005
IOCA                              00000096
IOCA0                             00000000
IOCA1                             00000001
IOCA2                             00000002
IOCA3                             00000003
IOCA4                             00000004
IOCA5                             00000005
IOCB                              00000116
IOCB4                             00000004
IOCB5                             00000005
IOCB6                             00000006
IOCB7                             00000007
IRCF0                             00000004
MPASM  5.51                  AAA KEYBOARD.ASM   6-12-2014  15:44:17         PAGE 11


SYMBOL TABLE
  LABEL                             VALUE 

IRCF1                             00000005
IRCF2                             00000006
IRP                               00000007
LTS                               00000001
MC1OUT                            00000007
MC2OUT                            00000006
MSK                               00000093
MSK0                              00000000
MSK1                              00000001
MSK2                              00000002
MSK3                              00000003
MSK4                              00000004
MSK5                              00000005
MSK6                              00000006
MSK7                              00000007
Main                              0000004F
MouseInit                         00000062
MouseReboot                       0000005E
NOT_A                             00000005
NOT_ADDRESS                       00000005
NOT_BOR                           00000000
NOT_DONE                          00000001
NOT_PD                            00000003
NOT_POR                           00000001
NOT_RABPU                         00000007
NOT_T1SYNC                        00000002
NOT_TO                            00000004
NOT_W                             00000002
NOT_WRITE                         00000002
OERR                              00000001
OPTION_REG                        00000081
OSCCON                            0000008F
OSCTUNE                           00000090
OSFIE                             00000007
OSFIF                             00000007
OSTS                              00000003
P                                 00000004
P1M0                              00000006
P1M1                              00000007
PCL                               00000002
PCLATH                            0000000A
PCON                              0000008E
PDC0                              00000000
PDC1                              00000001
PDC2                              00000002
PDC3                              00000003
PDC4                              00000004
PDC5                              00000005
PDC6                              00000006
PEIE                              00000006
PIE1                              0000008C
PIE2                              0000008D
PIR1                              0000000C
MPASM  5.51                  AAA KEYBOARD.ASM   6-12-2014  15:44:17         PAGE 12


SYMBOL TABLE
  LABEL                             VALUE 

PIR2                              0000000D
PORTA                             00000005
PORTB                             00000006
PORTC                             00000007
PR2                               00000092
PRSEN                             00000007
PS0                               00000000
PS1                               00000001
PS2                               00000002
PSA                               00000003
PSSAC0                            00000002
PSSAC1                            00000003
PSSBD0                            00000000
PSSBD1                            00000001
PSTRCON                           0000019D
PULSR                             00000002
PULSS                             00000003
PWM1CON                           0000001C
R                                 00000002
RA0                               00000000
RA1                               00000001
RA2                               00000002
RA3                               00000003
RA4                               00000004
RA5                               00000005
RABIE                             00000003
RABIF                             00000000
RB4                               00000004
RB5                               00000005
RB6                               00000006
RB7                               00000007
RC0                               00000000
RC1                               00000001
RC2                               00000002
RC3                               00000003
RC4                               00000004
RC5                               00000005
RC6                               00000006
RC7                               00000007
RCIDL                             00000006
RCIE                              00000005
RCIF                              00000005
RCREG                             0000001A
RCSTA                             00000018
RD                                00000000
READ_WRITE                        00000002
RP0                               00000005
RP1                               00000006
RTS                               PORTB,4
RX9                               00000006
RX9D                              00000000
R_NOT_W                           00000002
R_W                               00000002
MPASM  5.51                  AAA KEYBOARD.ASM   6-12-2014  15:44:17         PAGE 13


SYMBOL TABLE
  LABEL                             VALUE 

Receive                           0000006D
S                                 00000003
SBOREN                            00000004
SCKP                              00000004
SCS                               00000000
SENB                              00000003
SENDB                             00000003
SMP                               00000007
SPBRG                             00000099
SPBRGH                            0000009A
SPEN                              00000007
SR0                               00000006
SR1                               00000007
SRCON                             0000019E
SREN                              00000005
SSPADD                            00000093
SSPBUF                            00000013
SSPCON                            00000014
SSPEN                             00000005
SSPIE                             00000003
SSPIF                             00000003
SSPM0                             00000000
SSPM1                             00000001
SSPM2                             00000002
SSPM3                             00000003
SSPMSK                            00000093
SSPOV                             00000006
SSPSTAT                           00000094
STATUS                            00000003
STRA                              00000000
STRB                              00000001
STRC                              00000002
STRD                              00000003
STRSYNC                           00000004
SWDTEN                            00000000
SYNC                              00000004
Start                             00000001
T0CS                              00000005
T0IE                              00000005
T0IF                              00000002
T0SE                              00000004
T1CKPS0                           00000004
T1CKPS1                           00000005
T1CON                             00000010
T1GINV                            00000007
T1GSS                             00000001
T1IE                              00000000
T1IF                              00000000
T1OSCEN                           00000003
T2CKPS0                           00000000
T2CKPS1                           00000001
T2CON                             00000012
T2IE                              00000001
MPASM  5.51                  AAA KEYBOARD.ASM   6-12-2014  15:44:17         PAGE 14


SYMBOL TABLE
  LABEL                             VALUE 

T2IF                              00000001
TMR0                              00000001
TMR1                              0000000E
TMR1CS                            00000001
TMR1GE                            00000006
TMR1H                             0000000F
TMR1IE                            00000000
TMR1IF                            00000000
TMR1L                             0000000E
TMR1ON                            00000000
TMR2                              00000011
TMR2IE                            00000001
TMR2IF                            00000001
TMR2ON                            00000002
TOUTPS0                           00000003
TOUTPS1                           00000004
TOUTPS2                           00000005
TOUTPS3                           00000006
TRISA                             00000085
TRISA0                            00000000
TRISA1                            00000001
TRISA2                            00000002
TRISA3                            00000003
TRISA4                            00000004
TRISA5                            00000005
TRISB                             00000086
TRISB4                            00000004
TRISB5                            00000005
TRISB6                            00000006
TRISB7                            00000007
TRISC                             00000087
TRISC0                            00000000
TRISC1                            00000001
TRISC2                            00000002
TRISC3                            00000003
TRISC4                            00000004
TRISC5                            00000005
TRISC6                            00000006
TRISC7                            00000007
TRMT                              00000001
TUN0                              00000000
TUN1                              00000001
TUN2                              00000002
TUN3                              00000003
TUN4                              00000004
TX9                               00000006
TX9D                              00000000
TXEN                              00000005
TXIE                              00000004
TXIF                              00000004
TXREG                             00000019
TXSTA                             00000098
Transmit                          00000066
MPASM  5.51                  AAA KEYBOARD.ASM   6-12-2014  15:44:17         PAGE 15


SYMBOL TABLE
  LABEL                             VALUE 

UA                                00000001
ULPWUE                            00000005
VCFG                              00000006
VP6EN                             00000004
VR0                               00000000
VR1                               00000001
VR2                               00000002
VR3                               00000003
VRCON                             00000118
VRR                               00000005
VarRc                             00000023
VarTx                             00000022
W                                 00000000
WCOL                              00000007
WDTCON                            00000097
WDTPS0                            00000001
WDTPS1                            00000002
WDTPS2                            00000003
WDTPS3                            00000004
WPU                               00000095
WPU0                              00000000
WPU1                              00000001
WPU2                              00000002
WPU4                              00000004
WPU5                              00000005
WPUA                              00000095
WPUA0                             00000000
WPUA1                             00000001
WPUA2                             00000002
WPUA4                             00000004
WPUA5                             00000005
WPUB                              00000115
WPUB4                             00000004
WPUB5                             00000005
WPUB6                             00000006
WPUB7                             00000007
WR                                00000001
WREN                              00000002
WRERR                             00000003
WUE                               00000001
Z                                 00000002
_.org_0_005F                      0000005F
_.org_0_0069                      00000069
_BOD_NSLEEP                       00003EFF
_BOD_OFF                          00003CFF
_BOD_ON                           00003FFF
_BOD_SBODEN                       00003DFF
_BOREN_NSLEEP                     00003EFF
_BOREN_OFF                        00003CFF
_BOREN_ON                         00003FFF
_BOREN_SBODEN                     00003DFF
_BOR_NSLEEP                       00003EFF
_BOR_OFF                          00003CFF
MPASM  5.51                  AAA KEYBOARD.ASM   6-12-2014  15:44:17         PAGE 16


SYMBOL TABLE
  LABEL                             VALUE 

_BOR_ON                           00003FFF
_BOR_SBODEN                       00003DFF
_CONFIG                           00002007
_CPD_OFF                          00003FFF
_CPD_ON                           00003F7F
_CP_OFF                           00003FFF
_CP_ON                            00003FBF
_DEVID1                           00002006
_EC_OSC                           00003FFB
_EXTRC                            00003FFF
_EXTRCIO                          00003FFE
_EXTRC_OSC_CLKOUT                 00003FFF
_EXTRC_OSC_NOCLKOUT               00003FFE
_FCMEN_OFF                        000037FF
_FCMEN_ON                         00003FFF
_FOSC_EC                          00003FFB
_FOSC_EXTRCCLK                    00003FFF
_FOSC_EXTRCIO                     00003FFE
_FOSC_HS                          00003FFA
_FOSC_INTRCCLK                    00003FFD
_FOSC_INTRCIO                     00003FFC
_FOSC_LP                          00003FF8
_FOSC_XT                          00003FF9
_HS_OSC                           00003FFA
_IDLOC0                           00002000
_IDLOC1                           00002001
_IDLOC2                           00002002
_IDLOC3                           00002003
_IESO_OFF                         00003BFF
_IESO_ON                          00003FFF
_INTOSC                           00003FFD
_INTOSCIO                         00003FFC
_INTRC_OSC_CLKOUT                 00003FFD
_INTRC_OSC_NOCLKOUT               00003FFC
_LP_OSC                           00003FF8
_MCLRE_OFF                        00003FDF
_MCLRE_ON                         00003FFF
_PWRTE_OFF                        00003FFF
_PWRTE_ON                         00003FEF
_WDTE_OFF                         00003FF7
_WDTE_ON                          00003FFF
_WDT_OFF                          00003FF7
_WDT_ON                           00003FFF
_XT_OSC                           00003FF9
__16F690                          00000001
__DEBUG                           1
iLeftB                            PORTA,3
iRightB                           PORTA,4
iSensTog                          PORTA,5
iTiltX                            PORTA,1
iTiltY                            PORTA,0
lowerBound                        0000002C
nLowerBound                       .79
MPASM  5.51                  AAA KEYBOARD.ASM   6-12-2014  15:44:17         PAGE 17


SYMBOL TABLE
  LABEL                             VALUE 

nOffset                           .83
nShiftCtrl                        .250
nUpperBound                       .87
offset                            0000002A
sLowerBound                       .14
sOffset                           .16
sShiftCtrl                        .220
sUpperBound                       .18
shiftCtrl                         0000002D
upperBound                        0000002B
xMov                              00000028
xRaw                              00000024
xRawH                             00000026
yMov                              00000029
yRaw                              00000025
yRawH                             00000027

Errors   :     0
Warnings :     0 reported,     0 suppressed
Messages :    33 reported,     0 suppressed

